2025-09-20 08:38:41,819 - computer_control.control_logic - INFO - Subscribed to device communication channels
2025-09-20 08:39:55,156 - computer_control.control_logic - INFO - System status from magalini: unknown
2025-09-20 08:39:55,261 - computer_control.control_logic - INFO - System status from magalini: unknown
2025-09-20 08:39:55,861 - computer_control.control_logic - INFO - System status from magalini: unknown
2025-09-20 08:39:55,894 - computer_control.control_logic - INFO - System status from magalini: unknown
2025-09-20 08:39:55,895 - computer_control.control_logic - INFO - System status from magalini: unknown
2025-09-20 08:39:55,944 - computer_control.control_logic - INFO - System status from magalini: unknown
2025-09-20 08:41:09,991 - computer_control.control_logic - INFO - System status from magalini: unknown
2025-09-20 08:41:10,054 - computer_control.control_logic - INFO - System status from magalini: unknown
2025-09-20 08:41:10,789 - computer_control.control_logic - INFO - System status from magalini: unknown
2025-09-20 08:41:10,853 - computer_control.control_logic - INFO - System status from magalini: unknown
2025-09-20 08:41:10,968 - computer_control.control_logic - INFO - System status from magalini: unknown
2025-09-20 08:41:11,032 - computer_control.control_logic - INFO - System status from magalini: unknown
2025-09-20 08:41:52,333 - computer_control.control_logic - INFO - Subscribed to device communication channels
2025-09-20 08:42:24,700 - computer_control.control_logic - INFO - System status from magalini: unknown
2025-09-20 08:42:24,835 - computer_control.control_logic - INFO - System status from magalini: unknown
2025-09-20 08:42:24,879 - computer_control.control_logic - INFO - System status from magalini: unknown
2025-09-20 08:42:24,880 - computer_control.control_logic - INFO - System status from magalini: unknown
2025-09-20 08:42:25,847 - computer_control.control_logic - INFO - System status from magalini: unknown
2025-09-20 08:42:25,909 - computer_control.control_logic - INFO - System status from magalini: unknown
2025-09-20 08:44:44,415 - computer_control.control_logic - INFO - Subscribed to device communication channels
2025-09-20 08:44:54,649 - computer_control.control_logic - INFO - System status from magalini: unknown
2025-09-20 08:44:54,715 - computer_control.control_logic - INFO - System status from magalini: unknown
2025-09-20 08:44:55,533 - computer_control.control_logic - INFO - System status from magalini: unknown
2025-09-20 08:44:55,600 - computer_control.control_logic - INFO - System status from magalini: unknown
2025-09-20 08:44:56,082 - computer_control.control_logic - INFO - System status from magalini: unknown
2025-09-20 08:44:56,134 - computer_control.control_logic - INFO - System status from magalini: unknown
2025-09-20 08:46:09,771 - computer_control.control_logic - INFO - System status from magalini: unknown
2025-09-20 08:46:09,870 - computer_control.control_logic - INFO - System status from magalini: unknown
2025-09-20 08:46:10,519 - computer_control.control_logic - INFO - System status from magalini: unknown
2025-09-20 08:46:10,572 - computer_control.control_logic - INFO - System status from magalini: unknown
2025-09-20 08:46:10,622 - computer_control.control_logic - INFO - System status from magalini: unknown
2025-09-20 08:46:10,622 - computer_control.control_logic - INFO - System status from magalini: unknown
2025-09-20 08:46:59,009 - computer_control.control_logic - INFO - Subscribed to device communication channels
2025-09-20 08:47:25,291 - computer_control.control_logic - INFO - System status from magalini: unknown
2025-09-20 08:47:25,354 - computer_control.control_logic - INFO - System status from magalini: unknown
2025-09-20 08:47:25,459 - computer_control.control_logic - INFO - System status from magalini: unknown
2025-09-20 08:47:25,523 - computer_control.control_logic - INFO - System status from magalini: unknown
2025-09-20 08:47:25,617 - computer_control.control_logic - INFO - System status from magalini: unknown
2025-09-20 08:47:25,680 - computer_control.control_logic - INFO - System status from magalini: unknown
2025-09-20 08:52:01,915 - computer_control.control_logic - INFO - Subscribed to device communication channels
2025-09-20 08:52:24,991 - computer_control.control_logic - INFO - System status from magalini: unknown
2025-09-20 08:52:25,098 - computer_control.control_logic - INFO - System status from magalini: unknown
2025-09-20 08:52:25,548 - computer_control.control_logic - INFO - System status from magalini: unknown
2025-09-20 08:52:25,616 - computer_control.control_logic - INFO - System status from magalini: unknown
2025-09-20 08:52:26,164 - computer_control.control_logic - INFO - System status from magalini: unknown
2025-09-20 08:52:26,231 - computer_control.control_logic - INFO - System status from magalini: unknown
2025-09-20 08:54:21,566 - sentence_transformers.SentenceTransformer - INFO - Use pytorch device_name: cpu
2025-09-20 08:54:21,567 - sentence_transformers.SentenceTransformer - INFO - Load pretrained SentenceTransformer: all-MiniLM-L6-v2
2025-09-20 08:54:28,138 - computer_control.control_logic - INFO - Connected to MQTT broker: broker.emqx.io
2025-09-20 08:54:28,525 - computer_control.control_logic - INFO - Subscribed to device communication channels
2025-09-20 08:54:54,640 - computer_control.control_logic - INFO - System status from magalini: unknown
2025-09-20 08:54:54,703 - computer_control.control_logic - INFO - System status from magalini: unknown
2025-09-20 08:54:55,125 - computer_control.control_logic - INFO - System status from magalini: unknown
2025-09-20 08:54:55,188 - computer_control.control_logic - INFO - System status from magalini: unknown
2025-09-20 08:54:56,082 - computer_control.control_logic - INFO - System status from magalini: unknown
2025-09-20 08:54:56,145 - computer_control.control_logic - INFO - System status from magalini: unknown
2025-09-20 08:56:09,702 - computer_control.control_logic - INFO - System status from magalini: unknown
2025-09-20 08:56:09,769 - computer_control.control_logic - INFO - System status from magalini: unknown
2025-09-20 08:56:09,773 - computer_control.control_logic - INFO - System status from magalini: unknown
2025-09-20 08:56:09,774 - computer_control.control_logic - INFO - System status from magalini: unknown
2025-09-20 08:56:10,719 - computer_control.control_logic - INFO - System status from magalini: unknown
2025-09-20 08:56:10,785 - computer_control.control_logic - INFO - System status from magalini: unknown
